Determining if the pthread_create exist failed with the following output:
Change Dir: /home/ubuntu/data/HITSZ_RMVISION_2021/CMakeFiles/CMakeTmp

Run Build Command:"/usr/bin/make" "cmTC_5bff8/fast"
/usr/bin/make -f CMakeFiles/cmTC_5bff8.dir/build.make CMakeFiles/cmTC_5bff8.dir/build
make[1]: 进入目录“/home/ubuntu/data/HITSZ_RMVISION_2021/CMakeFiles/CMakeTmp”
Building C object CMakeFiles/cmTC_5bff8.dir/CheckSymbolExists.c.o
/usr/bin/cc   -fPIC    -o CMakeFiles/cmTC_5bff8.dir/CheckSymbolExists.c.o   -c /home/ubuntu/data/HITSZ_RMVISION_2021/CMakeFiles/CMakeTmp/CheckSymbolExists.c
Linking C executable cmTC_5bff8
/usr/bin/cmake -E cmake_link_script CMakeFiles/cmTC_5bff8.dir/link.txt --verbose=1
/usr/bin/cc -fPIC     CMakeFiles/cmTC_5bff8.dir/CheckSymbolExists.c.o  -o cmTC_5bff8 
CMakeFiles/cmTC_5bff8.dir/CheckSymbolExists.c.o：在函数‘main’中：
CheckSymbolExists.c:(.text+0x14)：对‘pthread_create’未定义的引用
CheckSymbolExists.c:(.text+0x18)：对‘pthread_create’未定义的引用
collect2: error: ld returned 1 exit status
CMakeFiles/cmTC_5bff8.dir/build.make:97: recipe for target 'cmTC_5bff8' failed
make[1]: *** [cmTC_5bff8] Error 1
make[1]: 离开目录“/home/ubuntu/data/HITSZ_RMVISION_2021/CMakeFiles/CMakeTmp”
Makefile:126: recipe for target 'cmTC_5bff8/fast' failed
make: *** [cmTC_5bff8/fast] Error 2

File /home/ubuntu/data/HITSZ_RMVISION_2021/CMakeFiles/CMakeTmp/CheckSymbolExists.c:
/* */
#include <pthread.h>

int main(int argc, char** argv)
{
  (void)argv;
#ifndef pthread_create
  return ((int*)(&pthread_create))[argc];
#else
  (void)argc;
  return 0;
#endif
}

Determining if the function pthread_create exists in the pthreads failed with the following output:
Change Dir: /home/ubuntu/data/HITSZ_RMVISION_2021/CMakeFiles/CMakeTmp

Run Build Command:"/usr/bin/make" "cmTC_d2530/fast"
/usr/bin/make -f CMakeFiles/cmTC_d2530.dir/build.make CMakeFiles/cmTC_d2530.dir/build
make[1]: 进入目录“/home/ubuntu/data/HITSZ_RMVISION_2021/CMakeFiles/CMakeTmp”
Building C object CMakeFiles/cmTC_d2530.dir/CheckFunctionExists.c.o
/usr/bin/cc   -fPIC -DCHECK_FUNCTION_EXISTS=pthread_create   -o CMakeFiles/cmTC_d2530.dir/CheckFunctionExists.c.o   -c /usr/share/cmake-3.10/Modules/CheckFunctionExists.c
Linking C executable cmTC_d2530
/usr/bin/cmake -E cmake_link_script CMakeFiles/cmTC_d2530.dir/link.txt --verbose=1
/usr/bin/cc -fPIC -DCHECK_FUNCTION_EXISTS=pthread_create    CMakeFiles/cmTC_d2530.dir/CheckFunctionExists.c.o  -o cmTC_d2530 -lpthreads 
/usr/bin/ld: 找不到 -lpthreads
collect2: error: ld returned 1 exit status
CMakeFiles/cmTC_d2530.dir/build.make:97: recipe for target 'cmTC_d2530' failed
make[1]: *** [cmTC_d2530] Error 1
make[1]: 离开目录“/home/ubuntu/data/HITSZ_RMVISION_2021/CMakeFiles/CMakeTmp”
Makefile:126: recipe for target 'cmTC_d2530/fast' failed
make: *** [cmTC_d2530/fast] Error 2


