Determining if the pthread_create exist failed with the following output:
Change Dir: /home/ubuntu/data/HITSZ_RMVISION_YOLOV5/build/CMakeFiles/CMakeTmp

Run Build Command:"/usr/bin/make" "cmTC_7dfd5/fast"
/usr/bin/make -f CMakeFiles/cmTC_7dfd5.dir/build.make CMakeFiles/cmTC_7dfd5.dir/build
make[1]: 进入目录“/home/ubuntu/data/HITSZ_RMVISION_YOLOV5/build/CMakeFiles/CMakeTmp”
Building C object CMakeFiles/cmTC_7dfd5.dir/CheckSymbolExists.c.o
/usr/bin/gcc-7   -fPIC    -o CMakeFiles/cmTC_7dfd5.dir/CheckSymbolExists.c.o   -c /home/ubuntu/data/HITSZ_RMVISION_YOLOV5/build/CMakeFiles/CMakeTmp/CheckSymbolExists.c
Linking C executable cmTC_7dfd5
/usr/bin/cmake -E cmake_link_script CMakeFiles/cmTC_7dfd5.dir/link.txt --verbose=1
/usr/bin/gcc-7 -fPIC     CMakeFiles/cmTC_7dfd5.dir/CheckSymbolExists.c.o  -o cmTC_7dfd5 
CMakeFiles/cmTC_7dfd5.dir/CheckSymbolExists.c.o：在函数‘main’中：
CheckSymbolExists.c:(.text+0x14)：对‘pthread_create’未定义的引用
CheckSymbolExists.c:(.text+0x18)：对‘pthread_create’未定义的引用
collect2: error: ld returned 1 exit status
CMakeFiles/cmTC_7dfd5.dir/build.make:97: recipe for target 'cmTC_7dfd5' failed
make[1]: *** [cmTC_7dfd5] Error 1
make[1]: 离开目录“/home/ubuntu/data/HITSZ_RMVISION_YOLOV5/build/CMakeFiles/CMakeTmp”
Makefile:126: recipe for target 'cmTC_7dfd5/fast' failed
make: *** [cmTC_7dfd5/fast] Error 2

File /home/ubuntu/data/HITSZ_RMVISION_YOLOV5/build/CMakeFiles/CMakeTmp/CheckSymbolExists.c:
/* */
#include <pthread.h>

int main(int argc, char** argv)
{
  (void)argv;
#ifndef pthread_create
  return ((int*)(&pthread_create))[argc];
#else
  (void)argc;
  return 0;
#endif
}

Determining if the function pthread_create exists in the pthreads failed with the following output:
Change Dir: /home/ubuntu/data/HITSZ_RMVISION_YOLOV5/build/CMakeFiles/CMakeTmp

Run Build Command:"/usr/bin/make" "cmTC_81b4a/fast"
/usr/bin/make -f CMakeFiles/cmTC_81b4a.dir/build.make CMakeFiles/cmTC_81b4a.dir/build
make[1]: 进入目录“/home/ubuntu/data/HITSZ_RMVISION_YOLOV5/build/CMakeFiles/CMakeTmp”
Building C object CMakeFiles/cmTC_81b4a.dir/CheckFunctionExists.c.o
/usr/bin/gcc-7   -fPIC -DCHECK_FUNCTION_EXISTS=pthread_create   -o CMakeFiles/cmTC_81b4a.dir/CheckFunctionExists.c.o   -c /usr/share/cmake-3.10/Modules/CheckFunctionExists.c
Linking C executable cmTC_81b4a
/usr/bin/cmake -E cmake_link_script CMakeFiles/cmTC_81b4a.dir/link.txt --verbose=1
/usr/bin/gcc-7 -fPIC -DCHECK_FUNCTION_EXISTS=pthread_create    CMakeFiles/cmTC_81b4a.dir/CheckFunctionExists.c.o  -o cmTC_81b4a -lpthreads 
/usr/bin/ld: 找不到 -lpthreads
collect2: error: ld returned 1 exit status
CMakeFiles/cmTC_81b4a.dir/build.make:97: recipe for target 'cmTC_81b4a' failed
make[1]: *** [cmTC_81b4a] Error 1
make[1]: 离开目录“/home/ubuntu/data/HITSZ_RMVISION_YOLOV5/build/CMakeFiles/CMakeTmp”
Makefile:126: recipe for target 'cmTC_81b4a/fast' failed
make: *** [cmTC_81b4a/fast] Error 2


